<?xml version="1.0" encoding="UTF-8"?>
<testng-results ignored="0" total="2" passed="2" failed="0" skipped="0">
  <reporter-output>
  </reporter-output>
  <suite started-at="2024-03-28T17:50:08 IST" name="Default suite" finished-at="2024-03-28T17:50:24 IST" duration-ms="16625">
    <groups>
    </groups>
    <test started-at="2024-03-28T17:50:08 IST" name="Default test" finished-at="2024-03-28T17:50:24 IST" duration-ms="16625">
      <class name="JenkinsMaven.Task6.TestLogin">
        <test-method signature="loginTest()[pri:0, instance:JenkinsMaven.Task6.TestLogin@4fb0f2b9]" started-at="2024-03-28T17:50:08 IST" name="loginTest" finished-at="2024-03-28T17:50:23 IST" duration-ms="15047" status="PASS">
          <reporter-output>
          </reporter-output>
        </test-method> <!-- loginTest -->
        <test-method signature="TestCredentials()[pri:1, instance:JenkinsMaven.Task6.TestLogin@4fb0f2b9]" started-at="2024-03-28T17:50:23 IST" name="TestCredentials" finished-at="2024-03-28T17:50:24 IST" duration-ms="1540" status="PASS">
          <reporter-output>
          </reporter-output>
        </test-method> <!-- TestCredentials -->
      </class> <!-- JenkinsMaven.Task6.TestLogin -->
    </test> <!-- Default test -->
  </suite> <!-- Default suite -->
</testng-results>
